# JRE version: OpenJDK Runtime Environment Temurin-21.0.8+9 (21.0.8+9) (build 21.0.8+9-LTS)
# Java VM: OpenJDK 64-Bit Server VM Temurin-21.0.8+9 (21.0.8+9-LTS, mixed mode, sharing, tiered, compressed oops, compressed class ptrs, parallel gc, windows-amd64)
GC Precious Log:
 CardTable entry size: 512
 CPUs: 12 total, 12 available
 Memory: 20117M
 Large Page Support: Disabled
 NUMA Support: Disabled
 Compressed Oops: Enabled (32-bit)
 Alignments: Space 512K, Generation 512K, Heap 2M
 Heap Min Capacity: 100M
 Heap Initial Capacity: 100M
 Heap Max Capacity: 2G
 Pre-touch: Disabled
 Parallel Workers: 10
Heap:
 PSYoungGen      total 23040K, used 3182K [0x00000000d5580000, 0x00000000d7080000, 0x0000000100000000)
  eden space 21504K, 9% used [0x00000000d5580000,0x00000000d57840e0,0x00000000d6a80000)
  from space 1536K, 72% used [0x00000000d6f00000,0x00000000d7017a08,0x00000000d7080000)
  to   space 1536K, 0% used [0x00000000d6d80000,0x00000000d6d80000,0x00000000d6f00000)
 ParOldGen       total 68608K, used 40142K [0x0000000080000000, 0x0000000084300000, 0x00000000d5580000)
  object space 68608K, 58% used [0x0000000080000000,0x0000000082733960,0x0000000084300000)
 Metaspace       used 55532K, committed 56832K, reserved 1114112K
  class space    used 6620K, committed 7168K, reserved 1048576K
GC Heap History (20 events):
Event: 6.652 GC heap before
{Heap before GC invocations=20 (full 2):
 PSYoungGen      total 23040K, used 23040K [0x00000000d5580000, 0x00000000d7000000, 0x0000000100000000)
  eden space 22016K, 100% used [0x00000000d5580000,0x00000000d6b00000,0x00000000d6b00000)
  from space 1024K, 100% used [0x00000000d6d80000,0x00000000d6e80000,0x00000000d6e80000)
  to   space 1536K, 0% used [0x00000000d6e80000,0x00000000d6e80000,0x00000000d7000000)
 ParOldGen       total 68608K, used 20043K [0x0000000080000000, 0x0000000084300000, 0x00000000d5580000)
  object space 68608K, 29% used [0x0000000080000000,0x0000000081392f18,0x0000000084300000)
 Metaspace       used 43642K, committed 44864K, reserved 1114112K
  class space    used 4785K, committed 5312K, reserved 1048576K
}
Event: 6.656 GC heap after
{Heap after GC invocations=20 (full 2):
 PSYoungGen      total 23552K, used 1433K [0x00000000d5580000, 0x00000000d7000000, 0x0000000100000000)
  eden space 22016K, 0% used [0x00000000d5580000,0x00000000d5580000,0x00000000d6b00000)
  from space 1536K, 93% used [0x00000000d6e80000,0x00000000d6fe65e0,0x00000000d7000000)
  to   space 2048K, 0% used [0x00000000d6c00000,0x00000000d6c00000,0x00000000d6e00000)
 ParOldGen       total 68608K, used 20931K [0x0000000080000000, 0x0000000084300000, 0x00000000d5580000)
  object space 68608K, 30% used [0x0000000080000000,0x0000000081470c18,0x0000000084300000)
 Metaspace       used 43642K, committed 44864K, reserved 1114112K
  class space    used 4785K, committed 5312K, reserved 1048576K
}
Event: 12.009 GC heap before
{Heap before GC invocations=21 (full 2):
 PSYoungGen      total 23552K, used 23437K [0x00000000d5580000, 0x00000000d7000000, 0x0000000100000000)
  eden space 22016K, 99% used [0x00000000d5580000,0x00000000d6afd180,0x00000000d6b00000)
  from space 1536K, 93% used [0x00000000d6e80000,0x00000000d6fe65e0,0x00000000d7000000)
  to   space 2048K, 0% used [0x00000000d6c00000,0x00000000d6c00000,0x00000000d6e00000)
 ParOldGen       total 68608K, used 20931K [0x0000000080000000, 0x0000000084300000, 0x00000000d5580000)
  object space 68608K, 30% used [0x0000000080000000,0x0000000081470c18,0x0000000084300000)
 Metaspace       used 45883K, committed 47104K, reserved 1114112K
  class space    used 5039K, committed 5568K, reserved 1048576K
}
Event: 12.011 GC heap after
{Heap after GC invocations=21 (full 2):
 PSYoungGen      total 23552K, used 1280K [0x00000000d5580000, 0x00000000d6f00000, 0x0000000100000000)
  eden space 22016K, 0% used [0x00000000d5580000,0x00000000d5580000,0x00000000d6b00000)
  from space 1536K, 83% used [0x00000000d6c00000,0x00000000d6d40000,0x00000000d6d80000)
  to   space 1536K, 0% used [0x00000000d6d80000,0x00000000d6d80000,0x00000000d6f00000)
 ParOldGen       total 68608K, used 22166K [0x0000000080000000, 0x0000000084300000, 0x00000000d5580000)
  object space 68608K, 32% used [0x0000000080000000,0x00000000815a5898,0x0000000084300000)
 Metaspace       used 45883K, committed 47104K, reserved 1114112K
  class space    used 5039K, committed 5568K, reserved 1048576K
}
Event: 12.824 GC heap before
{Heap before GC invocations=22 (full 2):
 PSYoungGen      total 23552K, used 23296K [0x00000000d5580000, 0x00000000d6f00000, 0x0000000100000000)
  eden space 22016K, 100% used [0x00000000d5580000,0x00000000d6b00000,0x00000000d6b00000)
  from space 1536K, 83% used [0x00000000d6c00000,0x00000000d6d40000,0x00000000d6d80000)
  to   space 1536K, 0% used [0x00000000d6d80000,0x00000000d6d80000,0x00000000d6f00000)
 ParOldGen       total 68608K, used 22166K [0x0000000080000000, 0x0000000084300000, 0x00000000d5580000)
  object space 68608K, 32% used [0x0000000080000000,0x00000000815a5898,0x0000000084300000)
 Metaspace       used 46209K, committed 47360K, reserved 1114112K
  class space    used 5065K, committed 5568K, reserved 1048576K
}
Event: 12.825 GC heap after
{Heap after GC invocations=22 (full 2):
 PSYoungGen      total 22528K, used 320K [0x00000000d5580000, 0x00000000d6e00000, 0x0000000100000000)
  eden space 22016K, 0% used [0x00000000d5580000,0x00000000d5580000,0x00000000d6b00000)
  from space 512K, 62% used [0x00000000d6d80000,0x00000000d6dd0000,0x00000000d6e00000)
  to   space 1024K, 0% used [0x00000000d6c00000,0x00000000d6c00000,0x00000000d6d00000)
 ParOldGen       total 68608K, used 23243K [0x0000000080000000, 0x0000000084300000, 0x00000000d5580000)
  object space 68608K, 33% used [0x0000000080000000,0x00000000816b2d38,0x0000000084300000)
 Metaspace       used 46209K, committed 47360K, reserved 1114112K
  class space    used 5065K, committed 5568K, reserved 1048576K
}
Event: 13.104 GC heap before
{Heap before GC invocations=23 (full 2):
 PSYoungGen      total 22528K, used 22264K [0x00000000d5580000, 0x00000000d6e00000, 0x0000000100000000)
  eden space 22016K, 99% used [0x00000000d5580000,0x00000000d6aee3f0,0x00000000d6b00000)
  from space 512K, 62% used [0x00000000d6d80000,0x00000000d6dd0000,0x00000000d6e00000)
  to   space 1024K, 0% used [0x00000000d6c00000,0x00000000d6c00000,0x00000000d6d00000)
 ParOldGen       total 68608K, used 23243K [0x0000000080000000, 0x0000000084300000, 0x00000000d5580000)
  object space 68608K, 33% used [0x0000000080000000,0x00000000816b2d38,0x0000000084300000)
 Metaspace       used 48109K, committed 49344K, reserved 1114112K
  class space    used 5378K, committed 5888K, reserved 1048576K
}
Event: 14.558 GC heap after
{Heap after GC invocations=23 (full 2):
 PSYoungGen      total 23040K, used 997K [0x00000000d5580000, 0x00000000d7500000, 0x0000000100000000)
  eden space 22016K, 0% used [0x00000000d5580000,0x00000000d5580000,0x00000000d6b00000)
  from space 1024K, 97% used [0x00000000d6c00000,0x00000000d6cf9470,0x00000000d6d00000)
  to   space 5120K, 0% used [0x00000000d7000000,0x00000000d7000000,0x00000000d7500000)
 ParOldGen       total 68608K, used 26228K [0x0000000080000000, 0x0000000084300000, 0x00000000d5580000)
  object space 68608K, 38% used [0x0000000080000000,0x000000008199d390,0x0000000084300000)
 Metaspace       used 48109K, committed 49344K, reserved 1114112K
  class space    used 5378K, committed 5888K, reserved 1048576K
}
Event: 15.657 GC heap before
{Heap before GC invocations=24 (full 2):
 PSYoungGen      total 23040K, used 23013K [0x00000000d5580000, 0x00000000d7500000, 0x0000000100000000)
  eden space 22016K, 100% used [0x00000000d5580000,0x00000000d6b00000,0x00000000d6b00000)
  from space 1024K, 97% used [0x00000000d6c00000,0x00000000d6cf9470,0x00000000d6d00000)
  to   space 5120K, 0% used [0x00000000d7000000,0x00000000d7000000,0x00000000d7500000)
 ParOldGen       total 68608K, used 26228K [0x0000000080000000, 0x0000000084300000, 0x00000000d5580000)
  object space 68608K, 38% used [0x0000000080000000,0x000000008199d390,0x0000000084300000)
 Metaspace       used 49654K, committed 50880K, reserved 1114112K
  class space    used 5663K, committed 6208K, reserved 1048576K
}
Event: 15.660 GC heap after
{Heap after GC invocations=24 (full 2):
 PSYoungGen      total 26624K, used 5006K [0x00000000d5580000, 0x00000000d7600000, 0x0000000100000000)
  eden space 21504K, 0% used [0x00000000d5580000,0x00000000d5580000,0x00000000d6a80000)
  from space 5120K, 97% used [0x00000000d7000000,0x00000000d74e3870,0x00000000d7500000)
  to   space 5632K, 0% used [0x00000000d6a80000,0x00000000d6a80000,0x00000000d7000000)
 ParOldGen       total 68608K, used 27562K [0x0000000080000000, 0x0000000084300000, 0x00000000d5580000)
  object space 68608K, 40% used [0x0000000080000000,0x0000000081aea970,0x0000000084300000)
 Metaspace       used 49654K, committed 50880K, reserved 1114112K
  class space    used 5663K, committed 6208K, reserved 1048576K
}
Event: 16.290 GC heap before
{Heap before GC invocations=25 (full 2):
 PSYoungGen      total 26624K, used 26510K [0x00000000d5580000, 0x00000000d7600000, 0x0000000100000000)
  eden space 21504K, 100% used [0x00000000d5580000,0x00000000d6a80000,0x00000000d6a80000)
  from space 5120K, 97% used [0x00000000d7000000,0x00000000d74e3870,0x00000000d7500000)
  to   space 5632K, 0% used [0x00000000d6a80000,0x00000000d6a80000,0x00000000d7000000)
 ParOldGen       total 68608K, used 27562K [0x0000000080000000, 0x0000000084300000, 0x00000000d5580000)
  object space 68608K, 40% used [0x0000000080000000,0x0000000081aea970,0x0000000084300000)
 Metaspace       used 50301K, committed 51520K, reserved 1114112K
  class space    used 5752K, committed 6272K, reserved 1048576K
}
Event: 16.293 GC heap after
{Heap after GC invocations=25 (full 2):
 PSYoungGen      total 22528K, used 704K [0x00000000d5580000, 0x00000000d7080000, 0x0000000100000000)
  eden space 21504K, 0% used [0x00000000d5580000,0x00000000d5580000,0x00000000d6a80000)
  from space 1024K, 68% used [0x00000000d6a80000,0x00000000d6b30000,0x00000000d6b80000)
  to   space 2560K, 0% used [0x00000000d6e00000,0x00000000d6e00000,0x00000000d7080000)
 ParOldGen       total 68608K, used 32429K [0x0000000080000000, 0x0000000084300000, 0x00000000d5580000)
  object space 68608K, 47% used [0x0000000080000000,0x0000000081fab5b8,0x0000000084300000)
 Metaspace       used 50301K, committed 51520K, reserved 1114112K
  class space    used 5752K, committed 6272K, reserved 1048576K
}
Event: 16.748 GC heap before
{Heap before GC invocations=26 (full 2):
 PSYoungGen      total 22528K, used 22208K [0x00000000d5580000, 0x00000000d7080000, 0x0000000100000000)
  eden space 21504K, 100% used [0x00000000d5580000,0x00000000d6a80000,0x00000000d6a80000)
  from space 1024K, 68% used [0x00000000d6a80000,0x00000000d6b30000,0x00000000d6b80000)
  to   space 2560K, 0% used [0x00000000d6e00000,0x00000000d6e00000,0x00000000d7080000)
 ParOldGen       total 68608K, used 32429K [0x0000000080000000, 0x0000000084300000, 0x00000000d5580000)
  object space 68608K, 47% used [0x0000000080000000,0x0000000081fab5b8,0x0000000084300000)
 Metaspace       used 50312K, committed 51520K, reserved 1114112K
  class space    used 5752K, committed 6272K, reserved 1048576K
}
Event: 16.749 GC heap after
{Heap after GC invocations=26 (full 2):
 PSYoungGen      total 22528K, used 736K [0x00000000d5580000, 0x00000000d6f00000, 0x0000000100000000)
  eden space 21504K, 0% used [0x00000000d5580000,0x00000000d5580000,0x00000000d6a80000)
  from space 1024K, 71% used [0x00000000d6e00000,0x00000000d6eb8000,0x00000000d6f00000)
  to   space 1024K, 0% used [0x00000000d6a80000,0x00000000d6a80000,0x00000000d6b80000)
 ParOldGen       total 68608K, used 33023K [0x0000000080000000, 0x0000000084300000, 0x00000000d5580000)
  object space 68608K, 48% used [0x0000000080000000,0x000000008203ff78,0x0000000084300000)
 Metaspace       used 50312K, committed 51520K, reserved 1114112K
  class space    used 5752K, committed 6272K, reserved 1048576K
}
Event: 17.045 GC heap before
{Heap before GC invocations=27 (full 2):
 PSYoungGen      total 22528K, used 22239K [0x00000000d5580000, 0x00000000d6f00000, 0x0000000100000000)
  eden space 21504K, 99% used [0x00000000d5580000,0x00000000d6a7ffb8,0x00000000d6a80000)
  from space 1024K, 71% used [0x00000000d6e00000,0x00000000d6eb8000,0x00000000d6f00000)
  to   space 1024K, 0% used [0x00000000d6a80000,0x00000000d6a80000,0x00000000d6b80000)
 ParOldGen       total 68608K, used 33023K [0x0000000080000000, 0x0000000084300000, 0x00000000d5580000)
  object space 68608K, 48% used [0x0000000080000000,0x000000008203ff78,0x0000000084300000)
 Metaspace       used 50396K, committed 51584K, reserved 1114112K
  class space    used 5763K, committed 6272K, reserved 1048576K
}
Event: 17.047 GC heap after
{Heap after GC invocations=27 (full 2):
 PSYoungGen      total 22528K, used 1022K [0x00000000d5580000, 0x00000000d7580000, 0x0000000100000000)
  eden space 21504K, 0% used [0x00000000d5580000,0x00000000d5580000,0x00000000d6a80000)
  from space 1024K, 99% used [0x00000000d6a80000,0x00000000d6b7f830,0x00000000d6b80000)
  to   space 5632K, 0% used [0x00000000d7000000,0x00000000d7000000,0x00000000d7580000)
 ParOldGen       total 68608K, used 36644K [0x0000000080000000, 0x0000000084300000, 0x00000000d5580000)
  object space 68608K, 53% used [0x0000000080000000,0x00000000823c9238,0x0000000084300000)
 Metaspace       used 50396K, committed 51584K, reserved 1114112K
  class space    used 5763K, committed 6272K, reserved 1048576K
}
Event: 17.406 GC heap before
{Heap before GC invocations=28 (full 2):
 PSYoungGen      total 22528K, used 22526K [0x00000000d5580000, 0x00000000d7580000, 0x0000000100000000)
  eden space 21504K, 100% used [0x00000000d5580000,0x00000000d6a80000,0x00000000d6a80000)
  from space 1024K, 99% used [0x00000000d6a80000,0x00000000d6b7f830,0x00000000d6b80000)
  to   space 5632K, 0% used [0x00000000d7000000,0x00000000d7000000,0x00000000d7580000)
 ParOldGen       total 68608K, used 36644K [0x0000000080000000, 0x0000000084300000, 0x00000000d5580000)
  object space 68608K, 53% used [0x0000000080000000,0x00000000823c9238,0x0000000084300000)
 Metaspace       used 52107K, committed 53376K, reserved 1114112K
  class space    used 6087K, committed 6656K, reserved 1048576K
}
Event: 17.407 GC heap after
{Heap after GC invocations=28 (full 2):
 PSYoungGen      total 23040K, used 1072K [0x00000000d5580000, 0x00000000d7180000, 0x0000000100000000)
  eden space 21504K, 0% used [0x00000000d5580000,0x00000000d5580000,0x00000000d6a80000)
  from space 1536K, 69% used [0x00000000d7000000,0x00000000d710c010,0x00000000d7180000)
  to   space 2560K, 0% used [0x00000000d6c80000,0x00000000d6c80000,0x00000000d6f00000)
 ParOldGen       total 68608K, used 37646K [0x0000000080000000, 0x0000000084300000, 0x00000000d5580000)
  object space 68608K, 54% used [0x0000000080000000,0x00000000824c3b70,0x0000000084300000)
 Metaspace       used 52107K, committed 53376K, reserved 1114112K
  class space    used 6087K, committed 6656K, reserved 1048576K
}
Event: 18.276 GC heap before
{Heap before GC invocations=29 (full 2):
 PSYoungGen      total 23040K, used 22576K [0x00000000d5580000, 0x00000000d7180000, 0x0000000100000000)
  eden space 21504K, 100% used [0x00000000d5580000,0x00000000d6a80000,0x00000000d6a80000)
  from space 1536K, 69% used [0x00000000d7000000,0x00000000d710c010,0x00000000d7180000)
  to   space 2560K, 0% used [0x00000000d6c80000,0x00000000d6c80000,0x00000000d6f00000)
 ParOldGen       total 68608K, used 37646K [0x0000000080000000, 0x0000000084300000, 0x00000000d5580000)
  object space 68608K, 54% used [0x0000000080000000,0x00000000824c3b70,0x0000000084300000)
 Metaspace       used 53945K, committed 55296K, reserved 1114112K
  class space    used 6370K, committed 6976K, reserved 1048576K
}
Event: 18.278 GC heap after
{Heap after GC invocations=29 (full 2):
 PSYoungGen      total 24064K, used 1056K [0x00000000d5580000, 0x00000000d7080000, 0x0000000100000000)
  eden space 21504K, 0% used [0x00000000d5580000,0x00000000d5580000,0x00000000d6a80000)
  from space 2560K, 41% used [0x00000000d6c80000,0x00000000d6d88010,0x00000000d6f00000)
  to   space 1536K, 0% used [0x00000000d6f00000,0x00000000d6f00000,0x00000000d7080000)
 ParOldGen       total 68608K, used 38523K [0x0000000080000000, 0x0000000084300000, 0x00000000d5580000)
  object space 68608K, 56% used [0x0000000080000000,0x000000008259eef8,0x0000000084300000)
 Metaspace       used 53945K, committed 55296K, reserved 1114112K
  class space    used 6370K, committed 6976K, reserved 1048576K
}

