# JRE version: OpenJDK Runtime Environment Temurin-21.0.8+9 (21.0.8+9) (build 21.0.8+9-LTS)
# Java VM: OpenJDK 64-Bit Server VM Temurin-21.0.8+9 (21.0.8+9-LTS, mixed mode, sharing, tiered, compressed oops, compressed class ptrs, parallel gc, windows-amd64)
GC Precious Log:
 CardTable entry size: 512
 CPUs: 12 total, 12 available
 Memory: 20117M
 Large Page Support: Disabled
 NUMA Support: Disabled
 Compressed Oops: Enabled (32-bit)
 Alignments: Space 512K, Generation 512K, Heap 2M
 Heap Min Capacity: 100M
 Heap Initial Capacity: 100M
 Heap Max Capacity: 2G
 Pre-touch: Disabled
 Parallel Workers: 10
Heap:
 PSYoungGen      total 20992K, used 19846K [0x00000000d5580000, 0x00000000d6d00000, 0x0000000100000000)
  eden space 18432K, 96% used [0x00000000d5580000,0x00000000d66c9a60,0x00000000d6780000)
  from space 2560K, 83% used [0x00000000d6a80000,0x00000000d6c98010,0x00000000d6d00000)
  to   space 2560K, 0% used [0x00000000d6800000,0x00000000d6800000,0x00000000d6a80000)
 ParOldGen       total 68608K, used 52997K [0x0000000080000000, 0x0000000084300000, 0x00000000d5580000)
  object space 68608K, 77% used [0x0000000080000000,0x00000000833c14b8,0x0000000084300000)
 Metaspace       used 60362K, committed 61696K, reserved 1114112K
  class space    used 7105K, committed 7680K, reserved 1048576K
GC Heap History (20 events):
Event: 11.964 GC heap before
{Heap before GC invocations=32 (full 2):
 PSYoungGen      total 21504K, used 19264K [0x00000000d5580000, 0x00000000d6d80000, 0x0000000100000000)
  eden space 18944K, 100% used [0x00000000d5580000,0x00000000d6800000,0x00000000d6800000)
  from space 2560K, 12% used [0x00000000d6900000,0x00000000d6950000,0x00000000d6b80000)
  to   space 1024K, 0% used [0x00000000d6c80000,0x00000000d6c80000,0x00000000d6d80000)
 ParOldGen       total 68608K, used 41717K [0x0000000080000000, 0x0000000084300000, 0x00000000d5580000)
  object space 68608K, 60% used [0x0000000080000000,0x00000000828bd7a0,0x0000000084300000)
 Metaspace       used 58010K, committed 59264K, reserved 1114112K
  class space    used 6861K, committed 7424K, reserved 1048576K
}
Event: 11.965 GC heap after
{Heap after GC invocations=32 (full 2):
 PSYoungGen      total 19456K, used 256K [0x00000000d5580000, 0x00000000d6d00000, 0x0000000100000000)
  eden space 18944K, 0% used [0x00000000d5580000,0x00000000d5580000,0x00000000d6800000)
  from space 512K, 50% used [0x00000000d6c80000,0x00000000d6cc0000,0x00000000d6d00000)
  to   space 512K, 0% used [0x00000000d6c00000,0x00000000d6c00000,0x00000000d6c80000)
 ParOldGen       total 68608K, used 41933K [0x0000000080000000, 0x0000000084300000, 0x00000000d5580000)
  object space 68608K, 61% used [0x0000000080000000,0x00000000828f37a0,0x0000000084300000)
 Metaspace       used 58010K, committed 59264K, reserved 1114112K
  class space    used 6861K, committed 7424K, reserved 1048576K
}
Event: 13.388 GC heap before
{Heap before GC invocations=33 (full 2):
 PSYoungGen      total 19456K, used 19200K [0x00000000d5580000, 0x00000000d6d00000, 0x0000000100000000)
  eden space 18944K, 100% used [0x00000000d5580000,0x00000000d6800000,0x00000000d6800000)
  from space 512K, 50% used [0x00000000d6c80000,0x00000000d6cc0000,0x00000000d6d00000)
  to   space 512K, 0% used [0x00000000d6c00000,0x00000000d6c00000,0x00000000d6c80000)
 ParOldGen       total 68608K, used 41933K [0x0000000080000000, 0x0000000084300000, 0x00000000d5580000)
  object space 68608K, 61% used [0x0000000080000000,0x00000000828f37a0,0x0000000084300000)
 Metaspace       used 58524K, committed 59776K, reserved 1114112K
  class space    used 6924K, committed 7488K, reserved 1048576K
}
Event: 13.389 GC heap after
{Heap after GC invocations=33 (full 2):
 PSYoungGen      total 19456K, used 508K [0x00000000d5580000, 0x00000000d6d00000, 0x0000000100000000)
  eden space 18944K, 0% used [0x00000000d5580000,0x00000000d5580000,0x00000000d6800000)
  from space 512K, 99% used [0x00000000d6c00000,0x00000000d6c7f338,0x00000000d6c80000)
  to   space 512K, 0% used [0x00000000d6c80000,0x00000000d6c80000,0x00000000d6d00000)
 ParOldGen       total 68608K, used 42327K [0x0000000080000000, 0x0000000084300000, 0x00000000d5580000)
  object space 68608K, 61% used [0x0000000080000000,0x0000000082955e80,0x0000000084300000)
 Metaspace       used 58524K, committed 59776K, reserved 1114112K
  class space    used 6924K, committed 7488K, reserved 1048576K
}
Event: 13.390 GC heap before
{Heap before GC invocations=34 (full 2):
 PSYoungGen      total 19456K, used 993K [0x00000000d5580000, 0x00000000d6d00000, 0x0000000100000000)
  eden space 18944K, 2% used [0x00000000d5580000,0x00000000d55f9460,0x00000000d6800000)
  from space 512K, 99% used [0x00000000d6c00000,0x00000000d6c7f338,0x00000000d6c80000)
  to   space 512K, 0% used [0x00000000d6c80000,0x00000000d6c80000,0x00000000d6d00000)
 ParOldGen       total 68608K, used 42327K [0x0000000080000000, 0x0000000084300000, 0x00000000d5580000)
  object space 68608K, 61% used [0x0000000080000000,0x0000000082955e80,0x0000000084300000)
 Metaspace       used 58525K, committed 59776K, reserved 1114112K
  class space    used 6924K, committed 7488K, reserved 1048576K
}
Event: 13.391 GC heap after
{Heap after GC invocations=34 (full 2):
 PSYoungGen      total 19456K, used 473K [0x00000000d5580000, 0x00000000d6d00000, 0x0000000100000000)
  eden space 18944K, 0% used [0x00000000d5580000,0x00000000d5580000,0x00000000d6800000)
  from space 512K, 92% used [0x00000000d6c80000,0x00000000d6cf6660,0x00000000d6d00000)
  to   space 1024K, 0% used [0x00000000d6b00000,0x00000000d6b00000,0x00000000d6c00000)
 ParOldGen       total 68608K, used 42705K [0x0000000080000000, 0x0000000084300000, 0x00000000d5580000)
  object space 68608K, 62% used [0x0000000080000000,0x00000000829b4740,0x0000000084300000)
 Metaspace       used 58525K, committed 59776K, reserved 1114112K
  class space    used 6924K, committed 7488K, reserved 1048576K
}
Event: 13.391 GC heap before
{Heap before GC invocations=35 (full 3):
 PSYoungGen      total 19456K, used 473K [0x00000000d5580000, 0x00000000d6d00000, 0x0000000100000000)
  eden space 18944K, 0% used [0x00000000d5580000,0x00000000d5580000,0x00000000d6800000)
  from space 512K, 92% used [0x00000000d6c80000,0x00000000d6cf6660,0x00000000d6d00000)
  to   space 1024K, 0% used [0x00000000d6b00000,0x00000000d6b00000,0x00000000d6c00000)
 ParOldGen       total 68608K, used 42705K [0x0000000080000000, 0x0000000084300000, 0x00000000d5580000)
  object space 68608K, 62% used [0x0000000080000000,0x00000000829b4740,0x0000000084300000)
 Metaspace       used 58525K, committed 59776K, reserved 1114112K
  class space    used 6924K, committed 7488K, reserved 1048576K
}
Event: 13.433 GC heap after
{Heap after GC invocations=35 (full 3):
 PSYoungGen      total 19456K, used 0K [0x00000000d5580000, 0x00000000d6d00000, 0x0000000100000000)
  eden space 18944K, 0% used [0x00000000d5580000,0x00000000d5580000,0x00000000d6800000)
  from space 512K, 0% used [0x00000000d6c80000,0x00000000d6c80000,0x00000000d6d00000)
  to   space 1024K, 0% used [0x00000000d6b00000,0x00000000d6b00000,0x00000000d6c00000)
 ParOldGen       total 68608K, used 40568K [0x0000000080000000, 0x0000000084300000, 0x00000000d5580000)
  object space 68608K, 59% used [0x0000000080000000,0x000000008279e058,0x0000000084300000)
 Metaspace       used 58525K, committed 59776K, reserved 1114112K
  class space    used 6924K, committed 7488K, reserved 1048576K
}
Event: 14.582 GC heap before
{Heap before GC invocations=36 (full 3):
 PSYoungGen      total 19456K, used 18944K [0x00000000d5580000, 0x00000000d6d00000, 0x0000000100000000)
  eden space 18944K, 100% used [0x00000000d5580000,0x00000000d6800000,0x00000000d6800000)
  from space 512K, 0% used [0x00000000d6c80000,0x00000000d6c80000,0x00000000d6d00000)
  to   space 1024K, 0% used [0x00000000d6b00000,0x00000000d6b00000,0x00000000d6c00000)
 ParOldGen       total 68608K, used 40568K [0x0000000080000000, 0x0000000084300000, 0x00000000d5580000)
  object space 68608K, 59% used [0x0000000080000000,0x000000008279e058,0x0000000084300000)
 Metaspace       used 59654K, committed 60992K, reserved 1114112K
  class space    used 7017K, committed 7616K, reserved 1048576K
}
Event: 14.584 GC heap after
{Heap after GC invocations=36 (full 3):
 PSYoungGen      total 19968K, used 992K [0x00000000d5580000, 0x00000000d7200000, 0x0000000100000000)
  eden space 18944K, 0% used [0x00000000d5580000,0x00000000d5580000,0x00000000d6800000)
  from space 1024K, 96% used [0x00000000d6b00000,0x00000000d6bf8030,0x00000000d6c00000)
  to   space 5120K, 0% used [0x00000000d6d00000,0x00000000d6d00000,0x00000000d7200000)
 ParOldGen       total 68608K, used 43916K [0x0000000080000000, 0x0000000084300000, 0x00000000d5580000)
  object space 68608K, 64% used [0x0000000080000000,0x0000000082ae33d0,0x0000000084300000)
 Metaspace       used 59654K, committed 60992K, reserved 1114112K
  class space    used 7017K, committed 7616K, reserved 1048576K
}
Event: 14.646 GC heap before
{Heap before GC invocations=37 (full 3):
 PSYoungGen      total 19968K, used 19936K [0x00000000d5580000, 0x00000000d7200000, 0x0000000100000000)
  eden space 18944K, 100% used [0x00000000d5580000,0x00000000d6800000,0x00000000d6800000)
  from space 1024K, 96% used [0x00000000d6b00000,0x00000000d6bf8030,0x00000000d6c00000)
  to   space 5120K, 0% used [0x00000000d6d00000,0x00000000d6d00000,0x00000000d7200000)
 ParOldGen       total 68608K, used 43916K [0x0000000080000000, 0x0000000084300000, 0x00000000d5580000)
  object space 68608K, 64% used [0x0000000080000000,0x0000000082ae33d0,0x0000000084300000)
 Metaspace       used 59962K, committed 61312K, reserved 1114112K
  class space    used 7061K, committed 7680K, reserved 1048576K
}
Event: 14.648 GC heap after
{Heap after GC invocations=37 (full 3):
 PSYoungGen      total 21504K, used 2353K [0x00000000d5580000, 0x00000000d6f80000, 0x0000000100000000)
  eden space 18944K, 0% used [0x00000000d5580000,0x00000000d5580000,0x00000000d6800000)
  from space 2560K, 91% used [0x00000000d6d00000,0x00000000d6f4c420,0x00000000d6f80000)
  to   space 3072K, 0% used [0x00000000d6980000,0x00000000d6980000,0x00000000d6c80000)
 ParOldGen       total 68608K, used 44908K [0x0000000080000000, 0x0000000084300000, 0x00000000d5580000)
  object space 68608K, 65% used [0x0000000080000000,0x0000000082bdb3f0,0x0000000084300000)
 Metaspace       used 59962K, committed 61312K, reserved 1114112K
  class space    used 7061K, committed 7680K, reserved 1048576K
}
Event: 14.674 GC heap before
{Heap before GC invocations=38 (full 3):
 PSYoungGen      total 21504K, used 21297K [0x00000000d5580000, 0x00000000d6f80000, 0x0000000100000000)
  eden space 18944K, 100% used [0x00000000d5580000,0x00000000d6800000,0x00000000d6800000)
  from space 2560K, 91% used [0x00000000d6d00000,0x00000000d6f4c420,0x00000000d6f80000)
  to   space 3072K, 0% used [0x00000000d6980000,0x00000000d6980000,0x00000000d6c80000)
 ParOldGen       total 68608K, used 44908K [0x0000000080000000, 0x0000000084300000, 0x00000000d5580000)
  object space 68608K, 65% used [0x0000000080000000,0x0000000082bdb3f0,0x0000000084300000)
 Metaspace       used 60061K, committed 61376K, reserved 1114112K
  class space    used 7077K, committed 7680K, reserved 1048576K
}
Event: 14.677 GC heap after
{Heap after GC invocations=38 (full 3):
 PSYoungGen      total 21504K, used 2240K [0x00000000d5580000, 0x00000000d6d80000, 0x0000000100000000)
  eden space 18944K, 0% used [0x00000000d5580000,0x00000000d5580000,0x00000000d6800000)
  from space 2560K, 87% used [0x00000000d6980000,0x00000000d6bb0010,0x00000000d6c00000)
  to   space 1536K, 0% used [0x00000000d6c00000,0x00000000d6c00000,0x00000000d6d80000)
 ParOldGen       total 68608K, used 47001K [0x0000000080000000, 0x0000000084300000, 0x00000000d5580000)
  object space 68608K, 68% used [0x0000000080000000,0x0000000082de64d0,0x0000000084300000)
 Metaspace       used 60061K, committed 61376K, reserved 1114112K
  class space    used 7077K, committed 7680K, reserved 1048576K
}
Event: 14.717 GC heap before
{Heap before GC invocations=39 (full 3):
 PSYoungGen      total 21504K, used 21184K [0x00000000d5580000, 0x00000000d6d80000, 0x0000000100000000)
  eden space 18944K, 100% used [0x00000000d5580000,0x00000000d6800000,0x00000000d6800000)
  from space 2560K, 87% used [0x00000000d6980000,0x00000000d6bb0010,0x00000000d6c00000)
  to   space 1536K, 0% used [0x00000000d6c00000,0x00000000d6c00000,0x00000000d6d80000)
 ParOldGen       total 68608K, used 47001K [0x0000000080000000, 0x0000000084300000, 0x00000000d5580000)
  object space 68608K, 68% used [0x0000000080000000,0x0000000082de64d0,0x0000000084300000)
 Metaspace       used 60072K, committed 61440K, reserved 1114112K
  class space    used 7077K, committed 7680K, reserved 1048576K
}
Event: 14.720 GC heap after
{Heap after GC invocations=39 (full 3):
 PSYoungGen      total 19968K, used 1508K [0x00000000d5580000, 0x00000000d7100000, 0x0000000100000000)
  eden space 18432K, 0% used [0x00000000d5580000,0x00000000d5580000,0x00000000d6780000)
  from space 1536K, 98% used [0x00000000d6c00000,0x00000000d6d79000,0x00000000d6d80000)
  to   space 4608K, 0% used [0x00000000d6780000,0x00000000d6780000,0x00000000d6c00000)
 ParOldGen       total 68608K, used 49641K [0x0000000080000000, 0x0000000084300000, 0x00000000d5580000)
  object space 68608K, 72% used [0x0000000080000000,0x000000008307a4e0,0x0000000084300000)
 Metaspace       used 60072K, committed 61440K, reserved 1114112K
  class space    used 7077K, committed 7680K, reserved 1048576K
}
Event: 14.760 GC heap before
{Heap before GC invocations=40 (full 3):
 PSYoungGen      total 19968K, used 19940K [0x00000000d5580000, 0x00000000d7100000, 0x0000000100000000)
  eden space 18432K, 100% used [0x00000000d5580000,0x00000000d6780000,0x00000000d6780000)
  from space 1536K, 98% used [0x00000000d6c00000,0x00000000d6d79000,0x00000000d6d80000)
  to   space 4608K, 0% used [0x00000000d6780000,0x00000000d6780000,0x00000000d6c00000)
 ParOldGen       total 68608K, used 49641K [0x0000000080000000, 0x0000000084300000, 0x00000000d5580000)
  object space 68608K, 72% used [0x0000000080000000,0x000000008307a4e0,0x0000000084300000)
 Metaspace       used 60078K, committed 61440K, reserved 1114112K
  class space    used 7077K, committed 7680K, reserved 1048576K
}
Event: 14.764 GC heap after
{Heap after GC invocations=40 (full 3):
 PSYoungGen      total 20480K, used 1984K [0x00000000d5580000, 0x00000000d6d80000, 0x0000000100000000)
  eden space 18432K, 0% used [0x00000000d5580000,0x00000000d5580000,0x00000000d6780000)
  from space 2048K, 96% used [0x00000000d6780000,0x00000000d6970000,0x00000000d6980000)
  to   space 3072K, 0% used [0x00000000d6a80000,0x00000000d6a80000,0x00000000d6d80000)
 ParOldGen       total 68608K, used 51173K [0x0000000080000000, 0x0000000084300000, 0x00000000d5580000)
  object space 68608K, 74% used [0x0000000080000000,0x00000000831f94b8,0x0000000084300000)
 Metaspace       used 60078K, committed 61440K, reserved 1114112K
  class space    used 7077K, committed 7680K, reserved 1048576K
}
Event: 14.822 GC heap before
{Heap before GC invocations=41 (full 3):
 PSYoungGen      total 20480K, used 20416K [0x00000000d5580000, 0x00000000d6d80000, 0x0000000100000000)
  eden space 18432K, 100% used [0x00000000d5580000,0x00000000d6780000,0x00000000d6780000)
  from space 2048K, 96% used [0x00000000d6780000,0x00000000d6970000,0x00000000d6980000)
  to   space 3072K, 0% used [0x00000000d6a80000,0x00000000d6a80000,0x00000000d6d80000)
 ParOldGen       total 68608K, used 51173K [0x0000000080000000, 0x0000000084300000, 0x00000000d5580000)
  object space 68608K, 74% used [0x0000000080000000,0x00000000831f94b8,0x0000000084300000)
 Metaspace       used 60106K, committed 61440K, reserved 1114112K
  class space    used 7077K, committed 7680K, reserved 1048576K
}
Event: 14.825 GC heap after
{Heap after GC invocations=41 (full 3):
 PSYoungGen      total 20992K, used 2144K [0x00000000d5580000, 0x00000000d6d00000, 0x0000000100000000)
  eden space 18432K, 0% used [0x00000000d5580000,0x00000000d5580000,0x00000000d6780000)
  from space 2560K, 83% used [0x00000000d6a80000,0x00000000d6c98010,0x00000000d6d00000)
  to   space 2560K, 0% used [0x00000000d6800000,0x00000000d6800000,0x00000000d6a80000)
 ParOldGen       total 68608K, used 52997K [0x0000000080000000, 0x0000000084300000, 0x00000000d5580000)
  object space 68608K, 77% used [0x0000000080000000,0x00000000833c14b8,0x0000000084300000)
 Metaspace       used 60106K, committed 61440K, reserved 1114112K
  class space    used 7077K, committed 7680K, reserved 1048576K
}

